<?xml version="1.0" encoding="UTF-8"?>
<!-- Generated by org.testng.reporters.JUnitReportReporter -->
<testsuite hostname="DESKTOP-AIBG43I" failures="0" tests="3" name="TestNG_Practice.DataProvider_Ex2Test" time="0.097" errors="0" timestamp="2024-08-30T20:20:16 IST" skipped="0">
  <testcase classname="TestNG_Practice.DataProvider_Ex2Test" name="bookTickets" time="0.024"/>
  <testcase classname="TestNG_Practice.DataProvider_Ex2Test" name="bookTickets" time="0.056"/>
  <testcase classname="TestNG_Practice.DataProvider_Ex2Test" name="bookTickets" time="0.017"/>
</testsuite> <!-- TestNG_Practice.DataProvider_Ex2Test -->
