<?xml version="1.0" encoding="UTF-8"?>
<!-- Generated by org.testng.reporters.JUnitReportReporter -->
<testsuite hostname="DESKTOP-AIBG43I" failures="0" tests="3" name="TestNG_Practice.DataProvider_Ex1Test" time="0.147" errors="0" timestamp="2024-08-30T20:15:48 IST" skipped="0">
  <testcase classname="TestNG_Practice.DataProvider_Ex1Test" name="bookTickets" time="0.109"/>
  <testcase classname="TestNG_Practice.DataProvider_Ex1Test" name="bookTickets" time="0.015"/>
  <testcase classname="TestNG_Practice.DataProvider_Ex1Test" name="bookTickets" time="0.023"/>
</testsuite> <!-- TestNG_Practice.DataProvider_Ex1Test -->
