<?xml version="1.0" encoding="UTF-8"?>
<!-- Generated by org.testng.reporters.JUnitReportReporter -->
<testsuite hostname="DESKTOP-AIBG43I" failures="0" tests="3" name="TestNG_Practice.DataProviderExcel_organizationTest" time="184.801" errors="0" timestamp="2024-09-01T19:39:58 IST" skipped="0">
  <testcase classname="TestNG_Practice.DataProviderExcel_organizationTest" name="OrganizationModuleTest" time="63.497"/>
  <testcase classname="TestNG_Practice.DataProviderExcel_organizationTest" name="OrganizationModuleTest" time="69.153"/>
  <testcase classname="TestNG_Practice.DataProviderExcel_organizationTest" name="OrganizationModuleTest" time="52.151"/>
</testsuite> <!-- TestNG_Practice.DataProviderExcel_organizationTest -->
