<?xml version="1.0" encoding="UTF-8"?>
<!-- Generated by org.testng.reporters.JUnitReportReporter -->
<testsuite hostname="DESKTOP-AIBG43I" failures="0" tests="1" name="UseOf_BaseClass.CampWithProduct_TS5Test" time="65.521" errors="0" timestamp="2024-09-10T18:28:17 IST" skipped="0">
  <testcase classname="UseOf_BaseClass.CampWithProduct_TS5Test" name="CampWithProduct_TS5Test" time="65.521"/>
  <system-out/>
</testsuite> <!-- UseOf_BaseClass.CampWithProduct_TS5Test -->
