<?xml version="1.0" encoding="UTF-8"?>
<!-- Generated by org.testng.reporters.JUnitReportReporter -->
<testsuite hostname="DESKTOP-AIBG43I" failures="0" tests="1" name="UseOf_BaseClass.Product_CreateDelete_TS4Test" time="51.241" errors="0" timestamp="2024-09-10T18:20:46 IST" skipped="0">
  <testcase classname="UseOf_BaseClass.Product_CreateDelete_TS4Test" name="Product_CreateDelete_TS4Test" time="51.241"/>
  <system-out/>
</testsuite> <!-- UseOf_BaseClass.Product_CreateDelete_TS4Test -->
