<?xml version="1.0" encoding="UTF-8"?>
<!-- Generated by org.testng.reporters.JUnitReportReporter -->
<testsuite hostname="DESKTOP-AIBG43I" failures="0" tests="1" name="Assert.SoftAssertExample" time="0.069" errors="0" timestamp="2024-09-09T14:49:09 IST" skipped="0">
  <testcase classname="Assert.SoftAssertExample" name="m1" time="0.069"/>
  <system-out/>
</testsuite> <!-- Assert.SoftAssertExample -->
