<?xml version="1.0" encoding="UTF-8"?>
<!-- Generated by org.testng.reporters.JUnitReportReporter -->
<testsuite hostname="DESKTOP-AIBG43I" failures="0" tests="1" name="UseOf_BaseClass.Product_TS2Test" time="65.296" errors="0" timestamp="2024-09-10T21:06:53 IST" skipped="0">
  <testcase classname="UseOf_BaseClass.Product_TS2Test" name="Product_TS2Test" time="65.296"/>
  <system-out/>
</testsuite> <!-- UseOf_BaseClass.Product_TS2Test -->
