<?xml version="1.0" encoding="UTF-8"?>
<!-- Generated by org.testng.reporters.JUnitReportReporter -->
<testsuite hostname="DESKTOP-AIBG43I" failures="0" tests="2" name="UseOf_BaseClass.Campaign_TS3Test" time="367.806" errors="0" timestamp="2024-09-11T09:17:14 IST" skipped="0">
  <testcase classname="UseOf_BaseClass.Campaign_TS3Test" name="Campaign_TS3Test" time="183.818"/>
  <system-out/>
  <testcase classname="UseOf_BaseClass.Campaign_TS3Test" name="Campaign_TS3Test" time="183.988"/>
  <system-out/>
</testsuite> <!-- UseOf_BaseClass.Campaign_TS3Test -->
