<?xml version="1.0" encoding="UTF-8"?>
<!-- Generated by org.testng.reporters.JUnitReportReporter -->
<testsuite hostname="DESKTOP-AIBG43I" failures="0" tests="1" name="Assert.CreateOrganization_TS1Test" time="134.027" errors="0" timestamp="2024-09-10T17:40:34 IST" skipped="0">
  <testcase classname="Assert.CreateOrganization_TS1Test" name="Organization_TS1Test" time="134.027"/>
  <system-out/>
</testsuite> <!-- Assert.CreateOrganization_TS1Test -->
