<?xml version="1.0" encoding="UTF-8"?>
<!-- Generated by org.testng.reporters.JUnitReportReporter -->
<testsuite hostname="DESKTOP-AIBG43I" failures="0" tests="2" name="TestNG_Practice.DataProvider_organizationTest" time="164.251" errors="0" timestamp="2024-08-30T20:53:06 IST" skipped="0">
  <testcase classname="TestNG_Practice.DataProvider_organizationTest" name="OrganizationModuleTest" time="70.395"/>
  <testcase classname="TestNG_Practice.DataProvider_organizationTest" name="OrganizationModuleTest" time="93.856"/>
</testsuite> <!-- TestNG_Practice.DataProvider_organizationTest -->
