<?xml version="1.0" encoding="UTF-8"?>
<!-- Generated by org.testng.reporters.JUnitReportReporter -->
<testsuite hostname="DESKTOP-AIBG43I" failures="0" tests="1" name="UseOf_BaseClass.Organization_TS1Test" time="48.553" errors="0" timestamp="2024-09-10T21:08:53 IST" skipped="0">
  <testcase classname="UseOf_BaseClass.Organization_TS1Test" name="Organization_TS1Test" time="48.553"/>
  <system-out/>
</testsuite> <!-- UseOf_BaseClass.Organization_TS1Test -->
